<?xml version="1.0" encoding="UTF-8"?>
<!-- Generated by org.testng.reporters.JUnitXMLReporter -->
<testsuite hostname="User-PC" ignored="0" name="Default test" tests="6" failures="0" timestamp="13 Nov 2018 12:47:42 GMT" time="177.488" errors="0">
  <testcase name="addNurseTest" time="8.212" classname="com.thc.cases.ManageNursePageTest"/>
  <testcase name="addNurseTest" time="6.544" classname="com.thc.cases.ManageNursePageTest"/>
  <testcase name="addNurseTest" time="6.556" classname="com.thc.cases.ManageNursePageTest"/>
  <testcase name="addNurseTest" time="6.771" classname="com.thc.cases.ManageNursePageTest"/>
  <testcase name="addNurseTest" time="8.011" classname="com.thc.cases.ManageNursePageTest"/>
  <testcase name="addNurseTest" time="6.816" classname="com.thc.cases.ManageNursePageTest"/>
</testsuite> <!-- Default test -->
