<?xml version="1.0" encoding="UTF-8"?>
<testng-results skipped="0" failed="0" ignored="0" total="6" passed="6">
  <reporter-output>
  </reporter-output>
  <suite name="Default suite" duration-ms="177488" started-at="2018-11-13T12:44:44Z" finished-at="2018-11-13T12:47:42Z">
    <groups>
    </groups>
    <test name="Default test" duration-ms="177488" started-at="2018-11-13T12:44:44Z" finished-at="2018-11-13T12:47:42Z">
      <class name="com.thc.cases.ManageNursePageTest">
        <test-method status="PASS" signature="setup()[pri:0, instance:com.thc.cases.ManageNursePageTest@2db7a79b]" name="setup" is-config="true" duration-ms="60855" started-at="2018-11-13T12:44:47Z" finished-at="2018-11-13T12:45:48Z">
          <reporter-output>
          </reporter-output>
        </test-method> <!-- setup -->
        <test-method status="PASS" signature="addNurseTest(java.lang.String, java.lang.String, java.lang.String, java.lang.String, java.lang.String)[pri:0, instance:com.thc.cases.ManageNursePageTest@2db7a79b]" name="addNurseTest" duration-ms="8212" started-at="2018-11-13T12:45:48Z" data-provider="getNurseTestData" finished-at="2018-11-13T12:45:56Z">
          <params>
            <param index="0">
              <value>
                <![CDATA[Shweta Patil]]>
              </value>
            </param>
            <param index="1">
              <value>
                <![CDATA[shwetapatil@gmail.com]]>
              </value>
            </param>
            <param index="2">
              <value>
                <![CDATA[shweta@123]]>
              </value>
            </param>
            <param index="3">
              <value>
                <![CDATA[latur]]>
              </value>
            </param>
            <param index="4">
              <value>
                <![CDATA[1111111111]]>
              </value>
            </param>
          </params>
          <reporter-output>
          </reporter-output>
        </test-method> <!-- addNurseTest -->
        <test-method status="PASS" signature="tearDown()[pri:0, instance:com.thc.cases.ManageNursePageTest@2db7a79b]" name="tearDown" is-config="true" duration-ms="4796" started-at="2018-11-13T12:45:56Z" finished-at="2018-11-13T12:46:01Z">
          <reporter-output>
          </reporter-output>
        </test-method> <!-- tearDown -->
        <test-method status="PASS" signature="setup()[pri:0, instance:com.thc.cases.ManageNursePageTest@2db7a79b]" name="setup" is-config="true" duration-ms="11103" started-at="2018-11-13T12:46:01Z" finished-at="2018-11-13T12:46:12Z">
          <reporter-output>
          </reporter-output>
        </test-method> <!-- setup -->
        <test-method status="PASS" signature="addNurseTest(java.lang.String, java.lang.String, java.lang.String, java.lang.String, java.lang.String)[pri:0, instance:com.thc.cases.ManageNursePageTest@2db7a79b]" name="addNurseTest" duration-ms="6544" started-at="2018-11-13T12:46:12Z" data-provider="getNurseTestData" finished-at="2018-11-13T12:46:18Z">
          <params>
            <param index="0">
              <value>
                <![CDATA[Shweta mahadik]]>
              </value>
            </param>
            <param index="1">
              <value>
                <![CDATA[shwetamahadik@gmail.com]]>
              </value>
            </param>
            <param index="2">
              <value>
                <![CDATA[shwetaM@123]]>
              </value>
            </param>
            <param index="3">
              <value>
                <![CDATA[mahad]]>
              </value>
            </param>
            <param index="4">
              <value>
                <![CDATA[2222222222]]>
              </value>
            </param>
          </params>
          <reporter-output>
          </reporter-output>
        </test-method> <!-- addNurseTest -->
        <test-method status="PASS" signature="tearDown()[pri:0, instance:com.thc.cases.ManageNursePageTest@2db7a79b]" name="tearDown" is-config="true" duration-ms="3300" started-at="2018-11-13T12:46:18Z" finished-at="2018-11-13T12:46:22Z">
          <reporter-output>
          </reporter-output>
        </test-method> <!-- tearDown -->
        <test-method status="PASS" signature="setup()[pri:0, instance:com.thc.cases.ManageNursePageTest@2db7a79b]" name="setup" is-config="true" duration-ms="11699" started-at="2018-11-13T12:46:22Z" finished-at="2018-11-13T12:46:33Z">
          <reporter-output>
          </reporter-output>
        </test-method> <!-- setup -->
        <test-method status="PASS" signature="addNurseTest(java.lang.String, java.lang.String, java.lang.String, java.lang.String, java.lang.String)[pri:0, instance:com.thc.cases.ManageNursePageTest@2db7a79b]" name="addNurseTest" duration-ms="6556" started-at="2018-11-13T12:46:33Z" data-provider="getNurseTestData" finished-at="2018-11-13T12:46:40Z">
          <params>
            <param index="0">
              <value>
                <![CDATA[Priyanka Birajdar]]>
              </value>
            </param>
            <param index="1">
              <value>
                <![CDATA[priyankabirajdar@gmail.com]]>
              </value>
            </param>
            <param index="2">
              <value>
                <![CDATA[pri@123]]>
              </value>
            </param>
            <param index="3">
              <value>
                <![CDATA[pune]]>
              </value>
            </param>
            <param index="4">
              <value>
                <![CDATA[3333333333]]>
              </value>
            </param>
          </params>
          <reporter-output>
          </reporter-output>
        </test-method> <!-- addNurseTest -->
        <test-method status="PASS" signature="tearDown()[pri:0, instance:com.thc.cases.ManageNursePageTest@2db7a79b]" name="tearDown" is-config="true" duration-ms="2914" started-at="2018-11-13T12:46:40Z" finished-at="2018-11-13T12:46:43Z">
          <reporter-output>
          </reporter-output>
        </test-method> <!-- tearDown -->
        <test-method status="PASS" signature="setup()[pri:0, instance:com.thc.cases.ManageNursePageTest@2db7a79b]" name="setup" is-config="true" duration-ms="9310" started-at="2018-11-13T12:46:43Z" finished-at="2018-11-13T12:46:52Z">
          <reporter-output>
          </reporter-output>
        </test-method> <!-- setup -->
        <test-method status="PASS" signature="addNurseTest(java.lang.String, java.lang.String, java.lang.String, java.lang.String, java.lang.String)[pri:0, instance:com.thc.cases.ManageNursePageTest@2db7a79b]" name="addNurseTest" duration-ms="6771" started-at="2018-11-13T12:46:52Z" data-provider="getNurseTestData" finished-at="2018-11-13T12:46:59Z">
          <params>
            <param index="0">
              <value>
                <![CDATA[Pallavi Nalawade]]>
              </value>
            </param>
            <param index="1">
              <value>
                <![CDATA[pallavinalawade@gmail.com]]>
              </value>
            </param>
            <param index="2">
              <value>
                <![CDATA[pallavi@123]]>
              </value>
            </param>
            <param index="3">
              <value>
                <![CDATA[karad]]>
              </value>
            </param>
            <param index="4">
              <value>
                <![CDATA[4444444444]]>
              </value>
            </param>
          </params>
          <reporter-output>
          </reporter-output>
        </test-method> <!-- addNurseTest -->
        <test-method status="PASS" signature="tearDown()[pri:0, instance:com.thc.cases.ManageNursePageTest@2db7a79b]" name="tearDown" is-config="true" duration-ms="2768" started-at="2018-11-13T12:46:59Z" finished-at="2018-11-13T12:47:02Z">
          <reporter-output>
          </reporter-output>
        </test-method> <!-- tearDown -->
        <test-method status="PASS" signature="setup()[pri:0, instance:com.thc.cases.ManageNursePageTest@2db7a79b]" name="setup" is-config="true" duration-ms="10147" started-at="2018-11-13T12:47:02Z" finished-at="2018-11-13T12:47:12Z">
          <reporter-output>
          </reporter-output>
        </test-method> <!-- setup -->
        <test-method status="PASS" signature="addNurseTest(java.lang.String, java.lang.String, java.lang.String, java.lang.String, java.lang.String)[pri:0, instance:com.thc.cases.ManageNursePageTest@2db7a79b]" name="addNurseTest" duration-ms="8011" started-at="2018-11-13T12:47:12Z" data-provider="getNurseTestData" finished-at="2018-11-13T12:47:20Z">
          <params>
            <param index="0">
              <value>
                <![CDATA[Sonali Wagh]]>
              </value>
            </param>
            <param index="1">
              <value>
                <![CDATA[sonaliwagh@yahoo.com]]>
              </value>
            </param>
            <param index="2">
              <value>
                <![CDATA[sonali@789]]>
              </value>
            </param>
            <param index="3">
              <value>
                <![CDATA[Nagar]]>
              </value>
            </param>
            <param index="4">
              <value>
                <![CDATA[5555555555]]>
              </value>
            </param>
          </params>
          <reporter-output>
          </reporter-output>
        </test-method> <!-- addNurseTest -->
        <test-method status="PASS" signature="tearDown()[pri:0, instance:com.thc.cases.ManageNursePageTest@2db7a79b]" name="tearDown" is-config="true" duration-ms="2735" started-at="2018-11-13T12:47:20Z" finished-at="2018-11-13T12:47:23Z">
          <reporter-output>
          </reporter-output>
        </test-method> <!-- tearDown -->
        <test-method status="PASS" signature="setup()[pri:0, instance:com.thc.cases.ManageNursePageTest@2db7a79b]" name="setup" is-config="true" duration-ms="9604" started-at="2018-11-13T12:47:23Z" finished-at="2018-11-13T12:47:32Z">
          <reporter-output>
          </reporter-output>
        </test-method> <!-- setup -->
        <test-method status="PASS" signature="addNurseTest(java.lang.String, java.lang.String, java.lang.String, java.lang.String, java.lang.String)[pri:0, instance:com.thc.cases.ManageNursePageTest@2db7a79b]" name="addNurseTest" duration-ms="6816" started-at="2018-11-13T12:47:32Z" data-provider="getNurseTestData" finished-at="2018-11-13T12:47:39Z">
          <params>
            <param index="0">
              <value>
                <![CDATA[Ashwini pawar]]>
              </value>
            </param>
            <param index="1">
              <value>
                <![CDATA[ashwinipawar@gmail.com]]>
              </value>
            </param>
            <param index="2">
              <value>
                <![CDATA[ashwini@123]]>
              </value>
            </param>
            <param index="3">
              <value>
                <![CDATA[mumbai]]>
              </value>
            </param>
            <param index="4">
              <value>
                <![CDATA[6666666666]]>
              </value>
            </param>
          </params>
          <reporter-output>
          </reporter-output>
        </test-method> <!-- addNurseTest -->
        <test-method status="PASS" signature="tearDown()[pri:0, instance:com.thc.cases.ManageNursePageTest@2db7a79b]" name="tearDown" is-config="true" duration-ms="2894" started-at="2018-11-13T12:47:39Z" finished-at="2018-11-13T12:47:42Z">
          <reporter-output>
          </reporter-output>
        </test-method> <!-- tearDown -->
      </class> <!-- com.thc.cases.ManageNursePageTest -->
    </test> <!-- Default test -->
  </suite> <!-- Default suite -->
</testng-results>
